<?xml version="1.0" encoding="UTF-8"?>
<testsuite xmlns:xsi="http://www.w3.org/2001/XMLSchema-instance" xsi:noNamespaceSchemaLocation="https://maven.apache.org/surefire/maven-surefire-plugin/xsd/surefire-test-report.xsd" version="3.0.2" name="com.mookaps.cms.CmsApplicationTests" time="2.631" tests="1" errors="0" skipped="0" failures="0">
  <properties>
    <property name="java.specification.version" value="17"/>
    <property name="sun.jnu.encoding" value="UTF-8"/>
    <property name="java.class.path" value="/Users/sofiandamha/Documents/yayan/dec/BE/java/cms/target/test-classes:/Users/sofiandamha/Documents/yayan/dec/BE/java/cms/target/classes:/Users/sofiandamha/.m2/repository/org/springframework/boot/spring-boot-starter-data-jpa/3.4.5/spring-boot-starter-data-jpa-3.4.5.jar:/Users/sofiandamha/.m2/repository/org/springframework/boot/spring-boot-starter/3.4.5/spring-boot-starter-3.4.5.jar:/Users/sofiandamha/.m2/repository/org/springframework/boot/spring-boot-starter-logging/3.4.5/spring-boot-starter-logging-3.4.5.jar:/Users/sofiandamha/.m2/repository/ch/qos/logback/logback-classic/1.5.18/logback-classic-1.5.18.jar:/Users/sofiandamha/.m2/repository/ch/qos/logback/logback-core/1.5.18/logback-core-1.5.18.jar:/Users/sofiandamha/.m2/repository/org/apache/logging/log4j/log4j-to-slf4j/2.24.3/log4j-to-slf4j-2.24.3.jar:/Users/sofiandamha/.m2/repository/org/apache/logging/log4j/log4j-api/2.24.3/log4j-api-2.24.3.jar:/Users/sofiandamha/.m2/repository/org/slf4j/jul-to-slf4j/2.0.17/jul-to-slf4j-2.0.17.jar:/Users/sofiandamha/.m2/repository/jakarta/annotation/jakarta.annotation-api/2.1.1/jakarta.annotation-api-2.1.1.jar:/Users/sofiandamha/.m2/repository/org/yaml/snakeyaml/2.3/snakeyaml-2.3.jar:/Users/sofiandamha/.m2/repository/org/hibernate/orm/hibernate-core/6.6.13.Final/hibernate-core-6.6.13.Final.jar:/Users/sofiandamha/.m2/repository/jakarta/persistence/jakarta.persistence-api/3.1.0/jakarta.persistence-api-3.1.0.jar:/Users/sofiandamha/.m2/repository/jakarta/transaction/jakarta.transaction-api/2.0.1/jakarta.transaction-api-2.0.1.jar:/Users/sofiandamha/.m2/repository/org/jboss/logging/jboss-logging/3.6.1.Final/jboss-logging-3.6.1.Final.jar:/Users/sofiandamha/.m2/repository/org/hibernate/common/hibernate-commons-annotations/7.0.3.Final/hibernate-commons-annotations-7.0.3.Final.jar:/Users/sofiandamha/.m2/repository/io/smallrye/jandex/3.2.0/jandex-3.2.0.jar:/Users/sofiandamha/.m2/repository/com/fasterxml/classmate/1.7.0/classmate-1.7.0.jar:/Users/sofiandamha/.m2/repository/net/bytebuddy/byte-buddy/1.15.11/byte-buddy-1.15.11.jar:/Users/sofiandamha/.m2/repository/jakarta/inject/jakarta.inject-api/2.0.1/jakarta.inject-api-2.0.1.jar:/Users/sofiandamha/.m2/repository/org/antlr/antlr4-runtime/4.13.0/antlr4-runtime-4.13.0.jar:/Users/sofiandamha/.m2/repository/org/springframework/data/spring-data-jpa/3.4.5/spring-data-jpa-3.4.5.jar:/Users/sofiandamha/.m2/repository/org/springframework/data/spring-data-commons/3.4.5/spring-data-commons-3.4.5.jar:/Users/sofiandamha/.m2/repository/org/springframework/spring-orm/6.2.6/spring-orm-6.2.6.jar:/Users/sofiandamha/.m2/repository/org/springframework/spring-context/6.2.6/spring-context-6.2.6.jar:/Users/sofiandamha/.m2/repository/org/springframework/spring-tx/6.2.6/spring-tx-6.2.6.jar:/Users/sofiandamha/.m2/repository/org/springframework/spring-beans/6.2.6/spring-beans-6.2.6.jar:/Users/sofiandamha/.m2/repository/org/slf4j/slf4j-api/2.0.17/slf4j-api-2.0.17.jar:/Users/sofiandamha/.m2/repository/org/springframework/spring-aspects/6.2.6/spring-aspects-6.2.6.jar:/Users/sofiandamha/.m2/repository/org/aspectj/aspectjweaver/1.9.24/aspectjweaver-1.9.24.jar:/Users/sofiandamha/.m2/repository/org/springframework/boot/spring-boot-starter-security/3.4.5/spring-boot-starter-security-3.4.5.jar:/Users/sofiandamha/.m2/repository/org/springframework/spring-aop/6.2.6/spring-aop-6.2.6.jar:/Users/sofiandamha/.m2/repository/org/springframework/security/spring-security-config/6.4.5/spring-security-config-6.4.5.jar:/Users/sofiandamha/.m2/repository/org/springframework/security/spring-security-web/6.4.5/spring-security-web-6.4.5.jar:/Users/sofiandamha/.m2/repository/org/springframework/spring-expression/6.2.6/spring-expression-6.2.6.jar:/Users/sofiandamha/.m2/repository/org/springframework/boot/spring-boot-starter-web/3.4.5/spring-boot-starter-web-3.4.5.jar:/Users/sofiandamha/.m2/repository/org/springframework/boot/spring-boot-starter-json/3.4.5/spring-boot-starter-json-3.4.5.jar:/Users/sofiandamha/.m2/repository/com/fasterxml/jackson/datatype/jackson-datatype-jdk8/2.18.3/jackson-datatype-jdk8-2.18.3.jar:/Users/sofiandamha/.m2/repository/com/fasterxml/jackson/datatype/jackson-datatype-jsr310/2.18.3/jackson-datatype-jsr310-2.18.3.jar:/Users/sofiandamha/.m2/repository/com/fasterxml/jackson/module/jackson-module-parameter-names/2.18.3/jackson-module-parameter-names-2.18.3.jar:/Users/sofiandamha/.m2/repository/org/springframework/boot/spring-boot-starter-tomcat/3.4.5/spring-boot-starter-tomcat-3.4.5.jar:/Users/sofiandamha/.m2/repository/org/apache/tomcat/embed/tomcat-embed-core/10.1.40/tomcat-embed-core-10.1.40.jar:/Users/sofiandamha/.m2/repository/org/apache/tomcat/embed/tomcat-embed-el/10.1.40/tomcat-embed-el-10.1.40.jar:/Users/sofiandamha/.m2/repository/org/apache/tomcat/embed/tomcat-embed-websocket/10.1.40/tomcat-embed-websocket-10.1.40.jar:/Users/sofiandamha/.m2/repository/org/springframework/spring-web/6.2.6/spring-web-6.2.6.jar:/Users/sofiandamha/.m2/repository/io/micrometer/micrometer-observation/1.14.6/micrometer-observation-1.14.6.jar:/Users/sofiandamha/.m2/repository/io/micrometer/micrometer-commons/1.14.6/micrometer-commons-1.14.6.jar:/Users/sofiandamha/.m2/repository/org/springframework/spring-webmvc/6.2.6/spring-webmvc-6.2.6.jar:/Users/sofiandamha/.m2/repository/org/springframework/boot/spring-boot-starter-webflux/3.4.5/spring-boot-starter-webflux-3.4.5.jar:/Users/sofiandamha/.m2/repository/org/springframework/boot/spring-boot-starter-reactor-netty/3.4.5/spring-boot-starter-reactor-netty-3.4.5.jar:/Users/sofiandamha/.m2/repository/io/projectreactor/netty/reactor-netty-http/1.2.5/reactor-netty-http-1.2.5.jar:/Users/sofiandamha/.m2/repository/io/netty/netty-codec-http/4.1.119.Final/netty-codec-http-4.1.119.Final.jar:/Users/sofiandamha/.m2/repository/io/netty/netty-common/4.1.119.Final/netty-common-4.1.119.Final.jar:/Users/sofiandamha/.m2/repository/io/netty/netty-buffer/4.1.119.Final/netty-buffer-4.1.119.Final.jar:/Users/sofiandamha/.m2/repository/io/netty/netty-transport/4.1.119.Final/netty-transport-4.1.119.Final.jar:/Users/sofiandamha/.m2/repository/io/netty/netty-codec/4.1.119.Final/netty-codec-4.1.119.Final.jar:/Users/sofiandamha/.m2/repository/io/netty/netty-handler/4.1.119.Final/netty-handler-4.1.119.Final.jar:/Users/sofiandamha/.m2/repository/io/netty/netty-codec-http2/4.1.119.Final/netty-codec-http2-4.1.119.Final.jar:/Users/sofiandamha/.m2/repository/io/netty/netty-resolver-dns/4.1.119.Final/netty-resolver-dns-4.1.119.Final.jar:/Users/sofiandamha/.m2/repository/io/netty/netty-resolver/4.1.119.Final/netty-resolver-4.1.119.Final.jar:/Users/sofiandamha/.m2/repository/io/netty/netty-codec-dns/4.1.119.Final/netty-codec-dns-4.1.119.Final.jar:/Users/sofiandamha/.m2/repository/io/netty/netty-resolver-dns-native-macos/4.1.119.Final/netty-resolver-dns-native-macos-4.1.119.Final-osx-x86_64.jar:/Users/sofiandamha/.m2/repository/io/netty/netty-resolver-dns-classes-macos/4.1.119.Final/netty-resolver-dns-classes-macos-4.1.119.Final.jar:/Users/sofiandamha/.m2/repository/io/netty/netty-transport-native-epoll/4.1.119.Final/netty-transport-native-epoll-4.1.119.Final-linux-x86_64.jar:/Users/sofiandamha/.m2/repository/io/netty/netty-transport-native-unix-common/4.1.119.Final/netty-transport-native-unix-common-4.1.119.Final.jar:/Users/sofiandamha/.m2/repository/io/netty/netty-transport-classes-epoll/4.1.119.Final/netty-transport-classes-epoll-4.1.119.Final.jar:/Users/sofiandamha/.m2/repository/io/projectreactor/netty/reactor-netty-core/1.2.5/reactor-netty-core-1.2.5.jar:/Users/sofiandamha/.m2/repository/io/netty/netty-handler-proxy/4.1.119.Final/netty-handler-proxy-4.1.119.Final.jar:/Users/sofiandamha/.m2/repository/io/netty/netty-codec-socks/4.1.119.Final/netty-codec-socks-4.1.119.Final.jar:/Users/sofiandamha/.m2/repository/org/springframework/spring-webflux/6.2.6/spring-webflux-6.2.6.jar:/Users/sofiandamha/.m2/repository/org/springframework/boot/spring-boot-starter-jdbc/3.3.5/spring-boot-starter-jdbc-3.3.5.jar:/Users/sofiandamha/.m2/repository/com/zaxxer/HikariCP/5.1.0/HikariCP-5.1.0.jar:/Users/sofiandamha/.m2/repository/org/springframework/spring-jdbc/6.2.6/spring-jdbc-6.2.6.jar:/Users/sofiandamha/.m2/repository/com/mysql/mysql-connector-j/9.1.0/mysql-connector-j-9.1.0.jar:/Users/sofiandamha/.m2/repository/com/h2database/h2/2.3.232/h2-2.3.232.jar:/Users/sofiandamha/.m2/repository/org/json/json/20231013/json-20231013.jar:/Users/sofiandamha/.m2/repository/org/springframework/boot/spring-boot-devtools/3.4.5/spring-boot-devtools-3.4.5.jar:/Users/sofiandamha/.m2/repository/org/springframework/boot/spring-boot/3.4.5/spring-boot-3.4.5.jar:/Users/sofiandamha/.m2/repository/org/springframework/boot/spring-boot-autoconfigure/3.4.5/spring-boot-autoconfigure-3.4.5.jar:/Users/sofiandamha/.m2/repository/org/projectlombok/lombok/1.18.38/lombok-1.18.38.jar:/Users/sofiandamha/.m2/repository/org/springframework/boot/spring-boot-starter-test/3.4.5/spring-boot-starter-test-3.4.5.jar:/Users/sofiandamha/.m2/repository/org/springframework/boot/spring-boot-test/3.4.5/spring-boot-test-3.4.5.jar:/Users/sofiandamha/.m2/repository/org/springframework/boot/spring-boot-test-autoconfigure/3.4.5/spring-boot-test-autoconfigure-3.4.5.jar:/Users/sofiandamha/.m2/repository/com/jayway/jsonpath/json-path/2.9.0/json-path-2.9.0.jar:/Users/sofiandamha/.m2/repository/jakarta/xml/bind/jakarta.xml.bind-api/4.0.2/jakarta.xml.bind-api-4.0.2.jar:/Users/sofiandamha/.m2/repository/jakarta/activation/jakarta.activation-api/2.1.3/jakarta.activation-api-2.1.3.jar:/Users/sofiandamha/.m2/repository/net/minidev/json-smart/2.5.2/json-smart-2.5.2.jar:/Users/sofiandamha/.m2/repository/net/minidev/accessors-smart/2.5.2/accessors-smart-2.5.2.jar:/Users/sofiandamha/.m2/repository/org/ow2/asm/asm/9.7.1/asm-9.7.1.jar:/Users/sofiandamha/.m2/repository/org/assertj/assertj-core/3.26.3/assertj-core-3.26.3.jar:/Users/sofiandamha/.m2/repository/org/awaitility/awaitility/4.2.2/awaitility-4.2.2.jar:/Users/sofiandamha/.m2/repository/org/hamcrest/hamcrest/2.2/hamcrest-2.2.jar:/Users/sofiandamha/.m2/repository/org/junit/jupiter/junit-jupiter/5.11.4/junit-jupiter-5.11.4.jar:/Users/sofiandamha/.m2/repository/org/junit/jupiter/junit-jupiter-api/5.11.4/junit-jupiter-api-5.11.4.jar:/Users/sofiandamha/.m2/repository/org/opentest4j/opentest4j/1.3.0/opentest4j-1.3.0.jar:/Users/sofiandamha/.m2/repository/org/junit/platform/junit-platform-commons/1.11.4/junit-platform-commons-1.11.4.jar:/Users/sofiandamha/.m2/repository/org/apiguardian/apiguardian-api/1.1.2/apiguardian-api-1.1.2.jar:/Users/sofiandamha/.m2/repository/org/junit/jupiter/junit-jupiter-params/5.11.4/junit-jupiter-params-5.11.4.jar:/Users/sofiandamha/.m2/repository/org/junit/jupiter/junit-jupiter-engine/5.11.4/junit-jupiter-engine-5.11.4.jar:/Users/sofiandamha/.m2/repository/org/junit/platform/junit-platform-engine/1.11.4/junit-platform-engine-1.11.4.jar:/Users/sofiandamha/.m2/repository/org/mockito/mockito-core/5.14.2/mockito-core-5.14.2.jar:/Users/sofiandamha/.m2/repository/net/bytebuddy/byte-buddy-agent/1.15.11/byte-buddy-agent-1.15.11.jar:/Users/sofiandamha/.m2/repository/org/objenesis/objenesis/3.3/objenesis-3.3.jar:/Users/sofiandamha/.m2/repository/org/mockito/mockito-junit-jupiter/5.14.2/mockito-junit-jupiter-5.14.2.jar:/Users/sofiandamha/.m2/repository/org/skyscreamer/jsonassert/1.5.3/jsonassert-1.5.3.jar:/Users/sofiandamha/.m2/repository/com/vaadin/external/google/android-json/0.0.20131108.vaadin1/android-json-0.0.20131108.vaadin1.jar:/Users/sofiandamha/.m2/repository/org/springframework/spring-core/6.2.6/spring-core-6.2.6.jar:/Users/sofiandamha/.m2/repository/org/springframework/spring-jcl/6.2.6/spring-jcl-6.2.6.jar:/Users/sofiandamha/.m2/repository/org/springframework/spring-test/6.2.6/spring-test-6.2.6.jar:/Users/sofiandamha/.m2/repository/org/xmlunit/xmlunit-core/2.10.0/xmlunit-core-2.10.0.jar:/Users/sofiandamha/.m2/repository/io/projectreactor/reactor-test/3.7.5/reactor-test-3.7.5.jar:/Users/sofiandamha/.m2/repository/io/projectreactor/reactor-core/3.7.5/reactor-core-3.7.5.jar:/Users/sofiandamha/.m2/repository/org/reactivestreams/reactive-streams/1.0.4/reactive-streams-1.0.4.jar:/Users/sofiandamha/.m2/repository/org/springframework/security/spring-security-test/6.4.5/spring-security-test-6.4.5.jar:/Users/sofiandamha/.m2/repository/org/springframework/security/spring-security-core/6.4.5/spring-security-core-6.4.5.jar:/Users/sofiandamha/.m2/repository/org/springframework/security/spring-security-crypto/6.4.5/spring-security-crypto-6.4.5.jar:/Users/sofiandamha/.m2/repository/io/jsonwebtoken/jjwt/0.9.1/jjwt-0.9.1.jar:/Users/sofiandamha/.m2/repository/com/fasterxml/jackson/core/jackson-databind/2.18.3/jackson-databind-2.18.3.jar:/Users/sofiandamha/.m2/repository/com/fasterxml/jackson/core/jackson-annotations/2.18.3/jackson-annotations-2.18.3.jar:/Users/sofiandamha/.m2/repository/com/fasterxml/jackson/core/jackson-core/2.18.3/jackson-core-2.18.3.jar:/Users/sofiandamha/.m2/repository/jakarta/servlet/jakarta.servlet-api/6.1.0/jakarta.servlet-api-6.1.0.jar:/Users/sofiandamha/.m2/repository/javax/xml/bind/jaxb-api/2.3.1/jaxb-api-2.3.1.jar:/Users/sofiandamha/.m2/repository/javax/activation/javax.activation-api/1.2.0/javax.activation-api-1.2.0.jar:/Users/sofiandamha/.m2/repository/org/glassfish/jaxb/jaxb-runtime/2.3.1/jaxb-runtime-2.3.1.jar:/Users/sofiandamha/.m2/repository/org/glassfish/jaxb/txw2/4.0.5/txw2-4.0.5.jar:/Users/sofiandamha/.m2/repository/com/sun/istack/istack-commons-runtime/4.1.2/istack-commons-runtime-4.1.2.jar:/Users/sofiandamha/.m2/repository/org/jvnet/staxex/stax-ex/2.1.0/stax-ex-2.1.0.jar:/Users/sofiandamha/.m2/repository/com/sun/xml/fastinfoset/FastInfoset/2.1.1/FastInfoset-2.1.1.jar:/Users/sofiandamha/.m2/repository/javax/activation/activation/1.1.1/activation-1.1.1.jar:/Users/sofiandamha/.m2/repository/com/google/code/gson/gson/2.11.0/gson-2.11.0.jar:/Users/sofiandamha/.m2/repository/com/google/errorprone/error_prone_annotations/2.27.0/error_prone_annotations-2.27.0.jar:/Users/sofiandamha/.m2/repository/org/springframework/boot/spring-boot-starter-thymeleaf/3.4.5/spring-boot-starter-thymeleaf-3.4.5.jar:/Users/sofiandamha/.m2/repository/org/thymeleaf/thymeleaf-spring6/3.1.3.RELEASE/thymeleaf-spring6-3.1.3.RELEASE.jar:/Users/sofiandamha/.m2/repository/org/thymeleaf/thymeleaf/3.1.3.RELEASE/thymeleaf-3.1.3.RELEASE.jar:/Users/sofiandamha/.m2/repository/org/attoparser/attoparser/2.0.7.RELEASE/attoparser-2.0.7.RELEASE.jar:/Users/sofiandamha/.m2/repository/org/unbescape/unbescape/1.1.6.RELEASE/unbescape-1.1.6.RELEASE.jar:"/>
    <property name="java.vm.vendor" value="JetBrains s.r.o."/>
    <property name="sun.arch.data.model" value="64"/>
    <property name="java.vendor.url" value="https://openjdk.java.net/"/>
    <property name="user.timezone" value="Asia/Jakarta"/>
    <property name="org.jboss.logging.provider" value="slf4j"/>
    <property name="os.name" value="Mac OS X"/>
    <property name="java.vm.specification.version" value="17"/>
    <property name="APPLICATION_NAME" value="cms"/>
    <property name="sun.java.launcher" value="SUN_STANDARD"/>
    <property name="user.country" value="ID"/>
    <property name="sun.boot.library.path" value="/Applications/Android Studio.app/Contents/jbr/Contents/Home/lib"/>
    <property name="sun.java.command" value="/Users/sofiandamha/Documents/yayan/dec/BE/java/cms/target/surefire/surefirebooter-20250521155338630_3.jar /Users/sofiandamha/Documents/yayan/dec/BE/java/cms/target/surefire 2025-05-21T15-53-38_595-jvmRun1 surefire-20250521155338630_1tmp surefire_0-20250521155338630_2tmp"/>
    <property name="http.nonProxyHosts" value="local|*.local|169.254/16|*.169.254/16"/>
    <property name="jdk.debug" value="release"/>
    <property name="surefire.test.class.path" value="/Users/sofiandamha/Documents/yayan/dec/BE/java/cms/target/test-classes:/Users/sofiandamha/Documents/yayan/dec/BE/java/cms/target/classes:/Users/sofiandamha/.m2/repository/org/springframework/boot/spring-boot-starter-data-jpa/3.4.5/spring-boot-starter-data-jpa-3.4.5.jar:/Users/sofiandamha/.m2/repository/org/springframework/boot/spring-boot-starter/3.4.5/spring-boot-starter-3.4.5.jar:/Users/sofiandamha/.m2/repository/org/springframework/boot/spring-boot-starter-logging/3.4.5/spring-boot-starter-logging-3.4.5.jar:/Users/sofiandamha/.m2/repository/ch/qos/logback/logback-classic/1.5.18/logback-classic-1.5.18.jar:/Users/sofiandamha/.m2/repository/ch/qos/logback/logback-core/1.5.18/logback-core-1.5.18.jar:/Users/sofiandamha/.m2/repository/org/apache/logging/log4j/log4j-to-slf4j/2.24.3/log4j-to-slf4j-2.24.3.jar:/Users/sofiandamha/.m2/repository/org/apache/logging/log4j/log4j-api/2.24.3/log4j-api-2.24.3.jar:/Users/sofiandamha/.m2/repository/org/slf4j/jul-to-slf4j/2.0.17/jul-to-slf4j-2.0.17.jar:/Users/sofiandamha/.m2/repository/jakarta/annotation/jakarta.annotation-api/2.1.1/jakarta.annotation-api-2.1.1.jar:/Users/sofiandamha/.m2/repository/org/yaml/snakeyaml/2.3/snakeyaml-2.3.jar:/Users/sofiandamha/.m2/repository/org/hibernate/orm/hibernate-core/6.6.13.Final/hibernate-core-6.6.13.Final.jar:/Users/sofiandamha/.m2/repository/jakarta/persistence/jakarta.persistence-api/3.1.0/jakarta.persistence-api-3.1.0.jar:/Users/sofiandamha/.m2/repository/jakarta/transaction/jakarta.transaction-api/2.0.1/jakarta.transaction-api-2.0.1.jar:/Users/sofiandamha/.m2/repository/org/jboss/logging/jboss-logging/3.6.1.Final/jboss-logging-3.6.1.Final.jar:/Users/sofiandamha/.m2/repository/org/hibernate/common/hibernate-commons-annotations/7.0.3.Final/hibernate-commons-annotations-7.0.3.Final.jar:/Users/sofiandamha/.m2/repository/io/smallrye/jandex/3.2.0/jandex-3.2.0.jar:/Users/sofiandamha/.m2/repository/com/fasterxml/classmate/1.7.0/classmate-1.7.0.jar:/Users/sofiandamha/.m2/repository/net/bytebuddy/byte-buddy/1.15.11/byte-buddy-1.15.11.jar:/Users/sofiandamha/.m2/repository/jakarta/inject/jakarta.inject-api/2.0.1/jakarta.inject-api-2.0.1.jar:/Users/sofiandamha/.m2/repository/org/antlr/antlr4-runtime/4.13.0/antlr4-runtime-4.13.0.jar:/Users/sofiandamha/.m2/repository/org/springframework/data/spring-data-jpa/3.4.5/spring-data-jpa-3.4.5.jar:/Users/sofiandamha/.m2/repository/org/springframework/data/spring-data-commons/3.4.5/spring-data-commons-3.4.5.jar:/Users/sofiandamha/.m2/repository/org/springframework/spring-orm/6.2.6/spring-orm-6.2.6.jar:/Users/sofiandamha/.m2/repository/org/springframework/spring-context/6.2.6/spring-context-6.2.6.jar:/Users/sofiandamha/.m2/repository/org/springframework/spring-tx/6.2.6/spring-tx-6.2.6.jar:/Users/sofiandamha/.m2/repository/org/springframework/spring-beans/6.2.6/spring-beans-6.2.6.jar:/Users/sofiandamha/.m2/repository/org/slf4j/slf4j-api/2.0.17/slf4j-api-2.0.17.jar:/Users/sofiandamha/.m2/repository/org/springframework/spring-aspects/6.2.6/spring-aspects-6.2.6.jar:/Users/sofiandamha/.m2/repository/org/aspectj/aspectjweaver/1.9.24/aspectjweaver-1.9.24.jar:/Users/sofiandamha/.m2/repository/org/springframework/boot/spring-boot-starter-security/3.4.5/spring-boot-starter-security-3.4.5.jar:/Users/sofiandamha/.m2/repository/org/springframework/spring-aop/6.2.6/spring-aop-6.2.6.jar:/Users/sofiandamha/.m2/repository/org/springframework/security/spring-security-config/6.4.5/spring-security-config-6.4.5.jar:/Users/sofiandamha/.m2/repository/org/springframework/security/spring-security-web/6.4.5/spring-security-web-6.4.5.jar:/Users/sofiandamha/.m2/repository/org/springframework/spring-expression/6.2.6/spring-expression-6.2.6.jar:/Users/sofiandamha/.m2/repository/org/springframework/boot/spring-boot-starter-web/3.4.5/spring-boot-starter-web-3.4.5.jar:/Users/sofiandamha/.m2/repository/org/springframework/boot/spring-boot-starter-json/3.4.5/spring-boot-starter-json-3.4.5.jar:/Users/sofiandamha/.m2/repository/com/fasterxml/jackson/datatype/jackson-datatype-jdk8/2.18.3/jackson-datatype-jdk8-2.18.3.jar:/Users/sofiandamha/.m2/repository/com/fasterxml/jackson/datatype/jackson-datatype-jsr310/2.18.3/jackson-datatype-jsr310-2.18.3.jar:/Users/sofiandamha/.m2/repository/com/fasterxml/jackson/module/jackson-module-parameter-names/2.18.3/jackson-module-parameter-names-2.18.3.jar:/Users/sofiandamha/.m2/repository/org/springframework/boot/spring-boot-starter-tomcat/3.4.5/spring-boot-starter-tomcat-3.4.5.jar:/Users/sofiandamha/.m2/repository/org/apache/tomcat/embed/tomcat-embed-core/10.1.40/tomcat-embed-core-10.1.40.jar:/Users/sofiandamha/.m2/repository/org/apache/tomcat/embed/tomcat-embed-el/10.1.40/tomcat-embed-el-10.1.40.jar:/Users/sofiandamha/.m2/repository/org/apache/tomcat/embed/tomcat-embed-websocket/10.1.40/tomcat-embed-websocket-10.1.40.jar:/Users/sofiandamha/.m2/repository/org/springframework/spring-web/6.2.6/spring-web-6.2.6.jar:/Users/sofiandamha/.m2/repository/io/micrometer/micrometer-observation/1.14.6/micrometer-observation-1.14.6.jar:/Users/sofiandamha/.m2/repository/io/micrometer/micrometer-commons/1.14.6/micrometer-commons-1.14.6.jar:/Users/sofiandamha/.m2/repository/org/springframework/spring-webmvc/6.2.6/spring-webmvc-6.2.6.jar:/Users/sofiandamha/.m2/repository/org/springframework/boot/spring-boot-starter-webflux/3.4.5/spring-boot-starter-webflux-3.4.5.jar:/Users/sofiandamha/.m2/repository/org/springframework/boot/spring-boot-starter-reactor-netty/3.4.5/spring-boot-starter-reactor-netty-3.4.5.jar:/Users/sofiandamha/.m2/repository/io/projectreactor/netty/reactor-netty-http/1.2.5/reactor-netty-http-1.2.5.jar:/Users/sofiandamha/.m2/repository/io/netty/netty-codec-http/4.1.119.Final/netty-codec-http-4.1.119.Final.jar:/Users/sofiandamha/.m2/repository/io/netty/netty-common/4.1.119.Final/netty-common-4.1.119.Final.jar:/Users/sofiandamha/.m2/repository/io/netty/netty-buffer/4.1.119.Final/netty-buffer-4.1.119.Final.jar:/Users/sofiandamha/.m2/repository/io/netty/netty-transport/4.1.119.Final/netty-transport-4.1.119.Final.jar:/Users/sofiandamha/.m2/repository/io/netty/netty-codec/4.1.119.Final/netty-codec-4.1.119.Final.jar:/Users/sofiandamha/.m2/repository/io/netty/netty-handler/4.1.119.Final/netty-handler-4.1.119.Final.jar:/Users/sofiandamha/.m2/repository/io/netty/netty-codec-http2/4.1.119.Final/netty-codec-http2-4.1.119.Final.jar:/Users/sofiandamha/.m2/repository/io/netty/netty-resolver-dns/4.1.119.Final/netty-resolver-dns-4.1.119.Final.jar:/Users/sofiandamha/.m2/repository/io/netty/netty-resolver/4.1.119.Final/netty-resolver-4.1.119.Final.jar:/Users/sofiandamha/.m2/repository/io/netty/netty-codec-dns/4.1.119.Final/netty-codec-dns-4.1.119.Final.jar:/Users/sofiandamha/.m2/repository/io/netty/netty-resolver-dns-native-macos/4.1.119.Final/netty-resolver-dns-native-macos-4.1.119.Final-osx-x86_64.jar:/Users/sofiandamha/.m2/repository/io/netty/netty-resolver-dns-classes-macos/4.1.119.Final/netty-resolver-dns-classes-macos-4.1.119.Final.jar:/Users/sofiandamha/.m2/repository/io/netty/netty-transport-native-epoll/4.1.119.Final/netty-transport-native-epoll-4.1.119.Final-linux-x86_64.jar:/Users/sofiandamha/.m2/repository/io/netty/netty-transport-native-unix-common/4.1.119.Final/netty-transport-native-unix-common-4.1.119.Final.jar:/Users/sofiandamha/.m2/repository/io/netty/netty-transport-classes-epoll/4.1.119.Final/netty-transport-classes-epoll-4.1.119.Final.jar:/Users/sofiandamha/.m2/repository/io/projectreactor/netty/reactor-netty-core/1.2.5/reactor-netty-core-1.2.5.jar:/Users/sofiandamha/.m2/repository/io/netty/netty-handler-proxy/4.1.119.Final/netty-handler-proxy-4.1.119.Final.jar:/Users/sofiandamha/.m2/repository/io/netty/netty-codec-socks/4.1.119.Final/netty-codec-socks-4.1.119.Final.jar:/Users/sofiandamha/.m2/repository/org/springframework/spring-webflux/6.2.6/spring-webflux-6.2.6.jar:/Users/sofiandamha/.m2/repository/org/springframework/boot/spring-boot-starter-jdbc/3.3.5/spring-boot-starter-jdbc-3.3.5.jar:/Users/sofiandamha/.m2/repository/com/zaxxer/HikariCP/5.1.0/HikariCP-5.1.0.jar:/Users/sofiandamha/.m2/repository/org/springframework/spring-jdbc/6.2.6/spring-jdbc-6.2.6.jar:/Users/sofiandamha/.m2/repository/com/mysql/mysql-connector-j/9.1.0/mysql-connector-j-9.1.0.jar:/Users/sofiandamha/.m2/repository/com/h2database/h2/2.3.232/h2-2.3.232.jar:/Users/sofiandamha/.m2/repository/org/json/json/20231013/json-20231013.jar:/Users/sofiandamha/.m2/repository/org/springframework/boot/spring-boot-devtools/3.4.5/spring-boot-devtools-3.4.5.jar:/Users/sofiandamha/.m2/repository/org/springframework/boot/spring-boot/3.4.5/spring-boot-3.4.5.jar:/Users/sofiandamha/.m2/repository/org/springframework/boot/spring-boot-autoconfigure/3.4.5/spring-boot-autoconfigure-3.4.5.jar:/Users/sofiandamha/.m2/repository/org/projectlombok/lombok/1.18.38/lombok-1.18.38.jar:/Users/sofiandamha/.m2/repository/org/springframework/boot/spring-boot-starter-test/3.4.5/spring-boot-starter-test-3.4.5.jar:/Users/sofiandamha/.m2/repository/org/springframework/boot/spring-boot-test/3.4.5/spring-boot-test-3.4.5.jar:/Users/sofiandamha/.m2/repository/org/springframework/boot/spring-boot-test-autoconfigure/3.4.5/spring-boot-test-autoconfigure-3.4.5.jar:/Users/sofiandamha/.m2/repository/com/jayway/jsonpath/json-path/2.9.0/json-path-2.9.0.jar:/Users/sofiandamha/.m2/repository/jakarta/xml/bind/jakarta.xml.bind-api/4.0.2/jakarta.xml.bind-api-4.0.2.jar:/Users/sofiandamha/.m2/repository/jakarta/activation/jakarta.activation-api/2.1.3/jakarta.activation-api-2.1.3.jar:/Users/sofiandamha/.m2/repository/net/minidev/json-smart/2.5.2/json-smart-2.5.2.jar:/Users/sofiandamha/.m2/repository/net/minidev/accessors-smart/2.5.2/accessors-smart-2.5.2.jar:/Users/sofiandamha/.m2/repository/org/ow2/asm/asm/9.7.1/asm-9.7.1.jar:/Users/sofiandamha/.m2/repository/org/assertj/assertj-core/3.26.3/assertj-core-3.26.3.jar:/Users/sofiandamha/.m2/repository/org/awaitility/awaitility/4.2.2/awaitility-4.2.2.jar:/Users/sofiandamha/.m2/repository/org/hamcrest/hamcrest/2.2/hamcrest-2.2.jar:/Users/sofiandamha/.m2/repository/org/junit/jupiter/junit-jupiter/5.11.4/junit-jupiter-5.11.4.jar:/Users/sofiandamha/.m2/repository/org/junit/jupiter/junit-jupiter-api/5.11.4/junit-jupiter-api-5.11.4.jar:/Users/sofiandamha/.m2/repository/org/opentest4j/opentest4j/1.3.0/opentest4j-1.3.0.jar:/Users/sofiandamha/.m2/repository/org/junit/platform/junit-platform-commons/1.11.4/junit-platform-commons-1.11.4.jar:/Users/sofiandamha/.m2/repository/org/apiguardian/apiguardian-api/1.1.2/apiguardian-api-1.1.2.jar:/Users/sofiandamha/.m2/repository/org/junit/jupiter/junit-jupiter-params/5.11.4/junit-jupiter-params-5.11.4.jar:/Users/sofiandamha/.m2/repository/org/junit/jupiter/junit-jupiter-engine/5.11.4/junit-jupiter-engine-5.11.4.jar:/Users/sofiandamha/.m2/repository/org/junit/platform/junit-platform-engine/1.11.4/junit-platform-engine-1.11.4.jar:/Users/sofiandamha/.m2/repository/org/mockito/mockito-core/5.14.2/mockito-core-5.14.2.jar:/Users/sofiandamha/.m2/repository/net/bytebuddy/byte-buddy-agent/1.15.11/byte-buddy-agent-1.15.11.jar:/Users/sofiandamha/.m2/repository/org/objenesis/objenesis/3.3/objenesis-3.3.jar:/Users/sofiandamha/.m2/repository/org/mockito/mockito-junit-jupiter/5.14.2/mockito-junit-jupiter-5.14.2.jar:/Users/sofiandamha/.m2/repository/org/skyscreamer/jsonassert/1.5.3/jsonassert-1.5.3.jar:/Users/sofiandamha/.m2/repository/com/vaadin/external/google/android-json/0.0.20131108.vaadin1/android-json-0.0.20131108.vaadin1.jar:/Users/sofiandamha/.m2/repository/org/springframework/spring-core/6.2.6/spring-core-6.2.6.jar:/Users/sofiandamha/.m2/repository/org/springframework/spring-jcl/6.2.6/spring-jcl-6.2.6.jar:/Users/sofiandamha/.m2/repository/org/springframework/spring-test/6.2.6/spring-test-6.2.6.jar:/Users/sofiandamha/.m2/repository/org/xmlunit/xmlunit-core/2.10.0/xmlunit-core-2.10.0.jar:/Users/sofiandamha/.m2/repository/io/projectreactor/reactor-test/3.7.5/reactor-test-3.7.5.jar:/Users/sofiandamha/.m2/repository/io/projectreactor/reactor-core/3.7.5/reactor-core-3.7.5.jar:/Users/sofiandamha/.m2/repository/org/reactivestreams/reactive-streams/1.0.4/reactive-streams-1.0.4.jar:/Users/sofiandamha/.m2/repository/org/springframework/security/spring-security-test/6.4.5/spring-security-test-6.4.5.jar:/Users/sofiandamha/.m2/repository/org/springframework/security/spring-security-core/6.4.5/spring-security-core-6.4.5.jar:/Users/sofiandamha/.m2/repository/org/springframework/security/spring-security-crypto/6.4.5/spring-security-crypto-6.4.5.jar:/Users/sofiandamha/.m2/repository/io/jsonwebtoken/jjwt/0.9.1/jjwt-0.9.1.jar:/Users/sofiandamha/.m2/repository/com/fasterxml/jackson/core/jackson-databind/2.18.3/jackson-databind-2.18.3.jar:/Users/sofiandamha/.m2/repository/com/fasterxml/jackson/core/jackson-annotations/2.18.3/jackson-annotations-2.18.3.jar:/Users/sofiandamha/.m2/repository/com/fasterxml/jackson/core/jackson-core/2.18.3/jackson-core-2.18.3.jar:/Users/sofiandamha/.m2/repository/jakarta/servlet/jakarta.servlet-api/6.1.0/jakarta.servlet-api-6.1.0.jar:/Users/sofiandamha/.m2/repository/javax/xml/bind/jaxb-api/2.3.1/jaxb-api-2.3.1.jar:/Users/sofiandamha/.m2/repository/javax/activation/javax.activation-api/1.2.0/javax.activation-api-1.2.0.jar:/Users/sofiandamha/.m2/repository/org/glassfish/jaxb/jaxb-runtime/2.3.1/jaxb-runtime-2.3.1.jar:/Users/sofiandamha/.m2/repository/org/glassfish/jaxb/txw2/4.0.5/txw2-4.0.5.jar:/Users/sofiandamha/.m2/repository/com/sun/istack/istack-commons-runtime/4.1.2/istack-commons-runtime-4.1.2.jar:/Users/sofiandamha/.m2/repository/org/jvnet/staxex/stax-ex/2.1.0/stax-ex-2.1.0.jar:/Users/sofiandamha/.m2/repository/com/sun/xml/fastinfoset/FastInfoset/2.1.1/FastInfoset-2.1.1.jar:/Users/sofiandamha/.m2/repository/javax/activation/activation/1.1.1/activation-1.1.1.jar:/Users/sofiandamha/.m2/repository/com/google/code/gson/gson/2.11.0/gson-2.11.0.jar:/Users/sofiandamha/.m2/repository/com/google/errorprone/error_prone_annotations/2.27.0/error_prone_annotations-2.27.0.jar:/Users/sofiandamha/.m2/repository/org/springframework/boot/spring-boot-starter-thymeleaf/3.4.5/spring-boot-starter-thymeleaf-3.4.5.jar:/Users/sofiandamha/.m2/repository/org/thymeleaf/thymeleaf-spring6/3.1.3.RELEASE/thymeleaf-spring6-3.1.3.RELEASE.jar:/Users/sofiandamha/.m2/repository/org/thymeleaf/thymeleaf/3.1.3.RELEASE/thymeleaf-3.1.3.RELEASE.jar:/Users/sofiandamha/.m2/repository/org/attoparser/attoparser/2.0.7.RELEASE/attoparser-2.0.7.RELEASE.jar:/Users/sofiandamha/.m2/repository/org/unbescape/unbescape/1.1.6.RELEASE/unbescape-1.1.6.RELEASE.jar:"/>
    <property name="sun.cpu.endian" value="little"/>
    <property name="user.home" value="/Users/sofiandamha"/>
    <property name="user.language" value="en"/>
    <property name="java.specification.vendor" value="Oracle Corporation"/>
    <property name="java.version.date" value="2023-01-17"/>
    <property name="java.home" value="/Applications/Android Studio.app/Contents/jbr/Contents/Home"/>
    <property name="file.separator" value="/"/>
    <property name="basedir" value="/Users/sofiandamha/Documents/yayan/dec/BE/java/cms"/>
    <property name="java.vm.compressedOopsMode" value="Zero based"/>
    <property name="line.separator" value="&#10;"/>
    <property name="java.vm.specification.vendor" value="Oracle Corporation"/>
    <property name="java.specification.name" value="Java Platform API Specification"/>
    <property name="FILE_LOG_CHARSET" value="UTF-8"/>
    <property name="java.awt.headless" value="true"/>
    <property name="jbr.virtualization.information" value="No virtualization detected"/>
    <property name="surefire.real.class.path" value="/Users/sofiandamha/Documents/yayan/dec/BE/java/cms/target/surefire/surefirebooter-20250521155338630_3.jar"/>
    <property name="sun.management.compiler" value="HotSpot 64-Bit Tiered Compilers"/>
    <property name="ftp.nonProxyHosts" value="local|*.local|169.254/16|*.169.254/16"/>
    <property name="java.runtime.version" value="17.0.6+0-17.0.6b802.4-9586694"/>
    <property name="user.name" value="sofiandamha"/>
    <property name="path.separator" value=":"/>
    <property name="os.version" value="15.3.2"/>
    <property name="java.runtime.name" value="OpenJDK Runtime Environment"/>
    <property name="file.encoding" value="UTF-8"/>
    <property name="java.vm.name" value="OpenJDK 64-Bit Server VM"/>
    <property name="localRepository" value="/Users/sofiandamha/.m2/repository"/>
    <property name="java.vendor.url.bug" value="https://bugreport.java.com/bugreport/"/>
    <property name="java.io.tmpdir" value="/var/folders/kj/hc62rv5575g_1399qdnxtr8w0000gn/T/"/>
    <property name="com.zaxxer.hikari.pool_number" value="1"/>
    <property name="java.version" value="17.0.6"/>
    <property name="user.dir" value="/Users/sofiandamha/Documents/yayan/dec/BE/java/cms"/>
    <property name="os.arch" value="aarch64"/>
    <property name="java.vm.specification.name" value="Java Virtual Machine Specification"/>
    <property name="PID" value="53923"/>
    <property name="CONSOLE_LOG_CHARSET" value="UTF-8"/>
    <property name="native.encoding" value="UTF-8"/>
    <property name="java.library.path" value="/Users/sofiandamha/Library/Java/Extensions:/Library/Java/Extensions:/Network/Library/Java/Extensions:/System/Library/Java/Extensions:/usr/lib/java:."/>
    <property name="java.vm.info" value="mixed mode"/>
    <property name="java.vendor" value="JetBrains s.r.o."/>
    <property name="java.vm.version" value="17.0.6+0-17.0.6b802.4-9586694"/>
    <property name="sun.io.unicode.encoding" value="UnicodeBig"/>
    <property name="socksNonProxyHosts" value="local|*.local|169.254/16|*.169.254/16"/>
    <property name="java.class.version" value="61.0"/>
    <property name="LOGGED_APPLICATION_NAME" value="[cms] "/>
  </properties>
  <testcase name="contextLoads" classname="com.mookaps.cms.CmsApplicationTests" time="0.304">
    <system-out><![CDATA[15:53:38.991 [main] INFO org.springframework.test.context.support.AnnotationConfigContextLoaderUtils -- Could not detect default configuration classes for test class [com.mookaps.cms.CmsApplicationTests]: CmsApplicationTests does not declare any static, non-private, non-final, nested classes annotated with @Configuration.
15:53:39.048 [main] INFO org.springframework.boot.test.context.SpringBootTestContextBootstrapper -- Found @SpringBootConfiguration com.mookaps.cms.CmsApplication for test class com.mookaps.cms.CmsApplicationTests
15:53:39.124 [main] INFO org.springframework.boot.devtools.restart.RestartApplicationListener -- Restart disabled due to context in which it is running

  .   ____          _            __ _ _
 /\\ / ___'_ __ _ _(_)_ __  __ _ \ \ \ \
( ( )\___ | '_ | '_| | '_ \/ _` | \ \ \ \
 \\/  ___)| |_)| | | | | || (_| |  ) ) ) )
  '  |____| .__|_| |_|_| |_\__, | / / / /
 =========|_|==============|___/=/_/_/_/

 :: Spring Boot ::                (v3.4.5)

2025-05-21T15:53:39.224+07:00  WARN 53923 --- [cms] [           main] ory$DuplicateJsonObjectContextCustomizer : 

Found multiple occurrences of org.json.JSONObject on the class path:

	jar:file:/Users/sofiandamha/.m2/repository/org/json/json/20231013/json-20231013.jar!/org/json/JSONObject.class
	jar:file:/Users/sofiandamha/.m2/repository/com/vaadin/external/google/android-json/0.0.20131108.vaadin1/android-json-0.0.20131108.vaadin1.jar!/org/json/JSONObject.class

You may wish to exclude one of them to ensure predictable runtime behavior

2025-05-21T15:53:39.231+07:00  INFO 53923 --- [cms] [           main] com.mookaps.cms.CmsApplicationTests      : Starting CmsApplicationTests using Java 17.0.6 with PID 53923 (started by sofiandamha in /Users/sofiandamha/Documents/yayan/dec/BE/java/cms)
2025-05-21T15:53:39.232+07:00  INFO 53923 --- [cms] [           main] com.mookaps.cms.CmsApplicationTests      : No active profile set, falling back to 1 default profile: "default"
2025-05-21T15:53:39.511+07:00  INFO 53923 --- [cms] [           main] .s.d.r.c.RepositoryConfigurationDelegate : Bootstrapping Spring Data JPA repositories in DEFAULT mode.
2025-05-21T15:53:39.582+07:00  INFO 53923 --- [cms] [           main] .s.d.r.c.RepositoryConfigurationDelegate : Finished Spring Data repository scanning in 67 ms. Found 1 JPA repository interface.
2025-05-21T15:53:39.769+07:00  INFO 53923 --- [cms] [           main] o.hibernate.jpa.internal.util.LogHelper  : HHH000204: Processing PersistenceUnitInfo [name: default]
2025-05-21T15:53:39.794+07:00  INFO 53923 --- [cms] [           main] org.hibernate.Version                    : HHH000412: Hibernate ORM core version 6.6.13.Final
2025-05-21T15:53:39.808+07:00  INFO 53923 --- [cms] [           main] o.h.c.internal.RegionFactoryInitiator    : HHH000026: Second-level cache disabled
2025-05-21T15:53:39.921+07:00  INFO 53923 --- [cms] [           main] o.s.o.j.p.SpringPersistenceUnitInfo      : No LoadTimeWeaver setup: ignoring JPA class transformer
2025-05-21T15:53:39.933+07:00  INFO 53923 --- [cms] [           main] com.zaxxer.hikari.HikariDataSource       : HikariPool-1 - Starting...
2025-05-21T15:53:40.118+07:00  INFO 53923 --- [cms] [           main] com.zaxxer.hikari.pool.HikariPool        : HikariPool-1 - Added connection com.mysql.cj.jdbc.ConnectionImpl@4dffff9
2025-05-21T15:53:40.120+07:00  INFO 53923 --- [cms] [           main] com.zaxxer.hikari.HikariDataSource       : HikariPool-1 - Start completed.
2025-05-21T15:53:40.163+07:00  INFO 53923 --- [cms] [           main] org.hibernate.orm.connections.pooling    : HHH10001005: Database info:
	Database JDBC URL [Connecting through datasource 'HikariDataSource (HikariPool-1)']
	Database driver: undefined/unknown
	Database version: 9.3
	Autocommit mode: undefined/unknown
	Isolation level: undefined/unknown
	Minimum pool size: undefined/unknown
	Maximum pool size: undefined/unknown
2025-05-21T15:53:40.544+07:00  INFO 53923 --- [cms] [           main] o.h.e.t.j.p.i.JtaPlatformInitiator       : HHH000489: No JTA platform available (set 'hibernate.transaction.jta.platform' to enable JTA platform integration)
2025-05-21T15:53:40.574+07:00  INFO 53923 --- [cms] [           main] j.LocalContainerEntityManagerFactoryBean : Initialized JPA EntityManagerFactory for persistence unit 'default'
2025-05-21T15:53:40.681+07:00  INFO 53923 --- [cms] [           main] o.s.d.j.r.query.QueryEnhancerFactory     : Hibernate is in classpath; If applicable, HQL parser will be used.
2025-05-21T15:53:40.925+07:00  INFO 53923 --- [cms] [           main] r$InitializeUserDetailsManagerConfigurer : Global AuthenticationManager configured with UserDetailsService bean with name customUserDetailsService
2025-05-21T15:53:40.949+07:00  WARN 53923 --- [cms] [           main] JpaBaseConfiguration$JpaWebConfiguration : spring.jpa.open-in-view is enabled by default. Therefore, database queries may be performed during view rendering. Explicitly configure spring.jpa.open-in-view to disable this warning
2025-05-21T15:53:41.246+07:00  INFO 53923 --- [cms] [           main] com.mookaps.cms.CmsApplicationTests      : Started CmsApplicationTests in 2.126 seconds (process running for 2.559)
]]></system-out>
  </testcase>
</testsuite>